<?xml version="1.0" encoding="UTF-8"?>
<!-- Generated by org.testng.reporters.JUnitXMLReporter -->
<testsuite hostname="DESKTOP-NEHM5GO" name="Default test" tests="5" failures="0" timestamp="8 Aug 2020 17:07:48 GMT" time="21.406" errors="0">
  <testcase name="RegistrationpageWork" time="9.134" classname="com.newtours.test.RegistrationTest"/>
  <testcase name="RegistrationCOnfirmationPage" time="0.306" classname="com.newtours.test.RegistrationTest"/>
  <testcase name="flightDetails" time="1.684" classname="com.newtours.test.RegistrationTest"/>
  <testcase name="flightCOnfirmPage" time="0.171" classname="com.newtours.test.RegistrationTest"/>
  <testcase name="flightSelectionPage" time="0.5" classname="com.newtours.test.RegistrationTest"/>
</testsuite> <!-- Default test -->
