<?xml version="1.0" encoding="UTF-8"?>
<testng-results skipped="0" failed="0" total="3" passed="3">
  <reporter-output>
  </reporter-output>
  <suite name="duck duck go" duration-ms="30965" started-at="2020-08-08T21:05:18Z" finished-at="2020-08-08T21:05:49Z">
    <groups>
    </groups>
    <test name="duck duck go test 2" duration-ms="30265" started-at="2020-08-08T21:05:18Z" finished-at="2020-08-08T21:05:48Z">
      <class name="com.duckduckgo.test.duckDuckGoTest">
        <test-method status="PASS" signature="initializethis()[pri:0, instance:com.duckduckgo.test.duckDuckGoTest@1d251891]" name="initializethis" is-config="true" duration-ms="15162" started-at="2020-08-09T02:35:18Z" finished-at="2020-08-09T02:35:33Z">
          <reporter-output>
          </reporter-output>
        </test-method> <!-- initializethis -->
        <test-method status="PASS" signature="enterSearch(java.lang.String)[pri:0, instance:com.duckduckgo.test.duckDuckGoTest@1d251891]" name="enterSearch" duration-ms="14690" started-at="2020-08-09T02:35:33Z" finished-at="2020-08-09T02:35:48Z">
          <params>
            <param index="0">
              <value>
                <![CDATA[qa]]>
              </value>
            </param>
          </params>
          <reporter-output>
          </reporter-output>
        </test-method> <!-- enterSearch -->
        <test-method status="PASS" signature="tearDOwn()[pri:0, instance:com.duckduckgo.test.duckDuckGoTest@1d251891]" name="tearDOwn" is-config="true" duration-ms="399" started-at="2020-08-09T02:35:48Z" finished-at="2020-08-09T02:35:48Z">
          <reporter-output>
          </reporter-output>
        </test-method> <!-- tearDOwn -->
      </class> <!-- com.duckduckgo.test.duckDuckGoTest -->
    </test> <!-- duck duck go test 2 -->
    <test name="duck duck go test 3" duration-ms="30523" started-at="2020-08-08T21:05:18Z" finished-at="2020-08-08T21:05:49Z">
      <class name="com.duckduckgo.test.duckDuckGoTest">
        <test-method status="PASS" signature="initializethis()[pri:0, instance:com.duckduckgo.test.duckDuckGoTest@3ac3fd8b]" name="initializethis" is-config="true" duration-ms="15410" started-at="2020-08-09T02:35:18Z" finished-at="2020-08-09T02:35:34Z">
          <reporter-output>
          </reporter-output>
        </test-method> <!-- initializethis -->
        <test-method status="PASS" signature="enterSearch(java.lang.String)[pri:0, instance:com.duckduckgo.test.duckDuckGoTest@3ac3fd8b]" name="enterSearch" duration-ms="14476" started-at="2020-08-09T02:35:34Z" finished-at="2020-08-09T02:35:48Z">
          <params>
            <param index="0">
              <value>
                <![CDATA[docker]]>
              </value>
            </param>
          </params>
          <reporter-output>
          </reporter-output>
        </test-method> <!-- enterSearch -->
        <test-method status="PASS" signature="tearDOwn()[pri:0, instance:com.duckduckgo.test.duckDuckGoTest@3ac3fd8b]" name="tearDOwn" is-config="true" duration-ms="625" started-at="2020-08-09T02:35:48Z" finished-at="2020-08-09T02:35:49Z">
          <reporter-output>
          </reporter-output>
        </test-method> <!-- tearDOwn -->
      </class> <!-- com.duckduckgo.test.duckDuckGoTest -->
    </test> <!-- duck duck go test 3 -->
    <test name="duck duck go test 1" duration-ms="30965" started-at="2020-08-08T21:05:18Z" finished-at="2020-08-08T21:05:49Z">
      <class name="com.duckduckgo.test.duckDuckGoTest">
        <test-method status="PASS" signature="initializethis()[pri:0, instance:com.duckduckgo.test.duckDuckGoTest@7cf10a6f]" name="initializethis" is-config="true" duration-ms="14812" started-at="2020-08-09T02:35:18Z" finished-at="2020-08-09T02:35:33Z">
          <reporter-output>
          </reporter-output>
        </test-method> <!-- initializethis -->
        <test-method status="PASS" signature="enterSearch(java.lang.String)[pri:0, instance:com.duckduckgo.test.duckDuckGoTest@7cf10a6f]" name="enterSearch" duration-ms="15911" started-at="2020-08-09T02:35:33Z" finished-at="2020-08-09T02:35:49Z">
          <params>
            <param index="0">
              <value>
                <![CDATA[java]]>
              </value>
            </param>
          </params>
          <reporter-output>
          </reporter-output>
        </test-method> <!-- enterSearch -->
        <test-method status="PASS" signature="tearDOwn()[pri:0, instance:com.duckduckgo.test.duckDuckGoTest@7cf10a6f]" name="tearDOwn" is-config="true" duration-ms="210" started-at="2020-08-09T02:35:49Z" finished-at="2020-08-09T02:35:49Z">
          <reporter-output>
          </reporter-output>
        </test-method> <!-- tearDOwn -->
      </class> <!-- com.duckduckgo.test.duckDuckGoTest -->
    </test> <!-- duck duck go test 1 -->
  </suite> <!-- duck duck go -->
</testng-results>
